------------------------------------------------------------------------------------------------------------------------------------------------------------------------------------------------------------------------------------------------------------
      name:  <unnamed>
       log:  D:\UofT\Y2 Winter\ECO372\A3\ECO372_Assignment3_SI_YokeHong.log
  log type:  text
 opened on:  23 Mar 2021, 18:36:44

. set more off    // This tells Stata to automatically continue if displays exceed screen capacity, instead of making user click

. clear                   // Removes any data from memory every time this script is run.

. display "ECO372_Assignment3 " _n "`surname' `firstname' `studentnumber'" _n c(current_date) c(current_time)
ECO372_Assignment3 
SI YokeHong 1005815806
23 Mar 202118:36:44

.                                                                                                                                                 
. 
. 
. /*      ====================================
>         ============ EXERCISE  1  ============
>         ==================================== */
. 
. use "datasets/Angrist_etal_Columbia2002_1.dta", clear           // Loads the file
(TAB5V1)

. datasignature                                                                                           // checks data integrity                        
  283:28(115953):33309827:3899837359

. 
. // your code for the Exercise questions a-e goes here
. 
. // question a. ii.
. count if id
  283

. 
. // question a. iii, iv
. describe

Contains data from datasets/Angrist_etal_Columbia2002_1.dta
  obs:           283                          TAB5V1
 vars:            28                          12 Mar 2021 09:29
------------------------------------------------------------------------------------------------------------------------------------------------------------------------------------------------------------------------------------------------------------
              storage   display    value
variable name   type    format     label      variable label
------------------------------------------------------------------------------------------------------------------------------------------------------------------------------------------------------------------------------------------------------------
id              double  %10.0g                ID number assigned by Gabriel
vouch0          double  %10.0g                Student won voucher
sex             double  %10.0g                Gender: Equals 1 if Applicant is Male
svy             double  %10.0g                Survey completed using new survey
age             double  %10.0g                Age
hsvisit         double  %10.0g                Survey was conducted in person
mom_sch         double  %10.0g                
dad_sch         double  %10.0g                
dad_miss        double  %10.0g                
mom_miss        double  %10.0g                
math            double  %10.0g                
reading         double  %10.0g                
writing         double  %10.0g                
t_site          double  %10.0g                Test site
totalpts        double  %10.0g                
sex_name        double  %10.0g                Gender based on name
test_tak        double  %10.0g                
phone           double  %10.0g                Applicant has phone
scyfnsh         double  %10.0g                Highest grade completed
mom_age         double  %10.0g                
mom_mw          double  %10.0g                
dad_age         double  %10.0g                
dad_mw          double  %10.0g                
sex2            double  %10.0g                
age2            double  %10.0g                
area            float   %9.0g                 
month           float   %9.0g                 Month of survey
strata          float   %9.0g                 Strata of residence
------------------------------------------------------------------------------------------------------------------------------------------------------------------------------------------------------------------------------------------------------------
Sorted by: 

. // vouch0
. // math
. // reading
. // writing
. // totalpts
. 
. // question b.
. summarize math reading writing

    Variable |        Obs        Mean    Std. Dev.       Min        Max
-------------+---------------------------------------------------------
        math |        282    .0028718    1.002821  -2.024617   3.239387
     reading |        283    .0006201    1.003512  -3.972432   2.097389
     writing |        283    .0049475    1.001712  -3.295184    2.20036

. 
. // question c.
. reg totalpts vouch0 i.t_site, robust // regressing total points on vouch. allocation

Linear regression                               Number of obs     =        282
                                                F(3, 278)         =       4.08
                                                Prob > F          =     0.0074
                                                R-squared         =     0.0415
                                                Root MSE          =       .987

------------------------------------------------------------------------------
             |               Robust
    totalpts |      Coef.   Std. Err.      t    P>|t|     [95% Conf. Interval]
-------------+----------------------------------------------------------------
      vouch0 |   .2167926   .1208689     1.79   0.074    -.0211419    .4547272
             |
      t_site |
          2  |   -.555319    .173769    -3.20   0.002    -.8973892   -.2132488
          3  |  -.3569731   .1650089    -2.16   0.031    -.6817987   -.0321476
             |
       _cons |   .2352034   .1476332     1.59   0.112    -.0554176    .5258244
------------------------------------------------------------------------------

. estimates store OLSTotalPoints

. 
. reg math vouch0 i.t_site, robust // regressing math points on vouch. allocation

Linear regression                               Number of obs     =        282
                                                F(3, 278)         =       4.84
                                                Prob > F          =     0.0027
                                                R-squared         =     0.0480
                                                Root MSE          =     .98374

------------------------------------------------------------------------------
             |               Robust
        math |      Coef.   Std. Err.      t    P>|t|     [95% Conf. Interval]
-------------+----------------------------------------------------------------
      vouch0 |   .1776212   .1184469     1.50   0.135    -.0555454    .4107879
             |
      t_site |
          2  |  -.6321908   .1757982    -3.60   0.000    -.9782555   -.2861262
          3  |  -.3956517   .1682034    -2.35   0.019    -.7267657   -.0645376
             |
       _cons |   .2998769   .1530854     1.96   0.051    -.0014769    .6012306
------------------------------------------------------------------------------

. estimates store OLSMath

. 
. reg reading vouch0 i.t_site, robust // regressing reading points on vouch. allocation

Linear regression                               Number of obs     =        283
                                                F(3, 279)         =       2.82
                                                Prob > F          =     0.0394
                                                R-squared         =     0.0265
                                                Root MSE          =     .99542

------------------------------------------------------------------------------
             |               Robust
     reading |      Coef.   Std. Err.      t    P>|t|     [95% Conf. Interval]
-------------+----------------------------------------------------------------
      vouch0 |   .2035837   .1227233     1.66   0.098    -.0379975    .4451648
             |
      t_site |
          2  |  -.4035848   .1623344    -2.49   0.013    -.7231405   -.0840291
          3  |  -.3255434   .1480893    -2.20   0.029    -.6170576   -.0340293
             |
       _cons |   .1771546   .1305668     1.36   0.176    -.0798667    .4341758
------------------------------------------------------------------------------

. estimates store OLSReading

. 
. reg writing vouch0 i.t_site, robust // regressing writing points on vouch. allocation

Linear regression                               Number of obs     =        283
                                                F(3, 279)         =       0.82
                                                Prob > F          =     0.4835
                                                R-squared         =     0.0092
                                                Root MSE          =     1.0025

------------------------------------------------------------------------------
             |               Robust
     writing |      Coef.   Std. Err.      t    P>|t|     [95% Conf. Interval]
-------------+----------------------------------------------------------------
      vouch0 |   .1258825   .1222843     1.03   0.304    -.1148345    .3665994
             |
      t_site |
          2  |  -.2034199   .1819608    -1.12   0.265    -.5616102    .1547705
          3  |  -.0608489   .1665305    -0.37   0.715    -.3886647    .2669669
             |
       _cons |   .0261343   .1525117     0.17   0.864    -.2740855    .3263541
------------------------------------------------------------------------------

. estimates store OLSWriting

. 
. // data tabulation
. esttab OLSTotalPoints OLSMath OLSReading OLSWriting using "OLSPointsData.rtf", drop(*t_site _cons) ///
>         label ///
>         replace mtitles("Total Points" "Math Scores" "Reading Scores" "Writing Scores") 
(output written to OLSPointsData.rtf)

. 
. 
. 
. // question d. 
. reg totalpts vouch0 age sex mom_sch dad_sch strata svy hsvisit, robust // regressing total points on vouch. allocation controlling for several variables

Linear regression                               Number of obs     =        189
                                                F(8, 180)         =       3.20
                                                Prob > F          =     0.0020
                                                R-squared         =     0.1307
                                                Root MSE          =      .9338

------------------------------------------------------------------------------
             |               Robust
    totalpts |      Coef.   Std. Err.      t    P>|t|     [95% Conf. Interval]
-------------+----------------------------------------------------------------
      vouch0 |   .0236147   .1380273     0.17   0.864    -.2487452    .2959745
         age |  -.2211996   .0548789    -4.03   0.000    -.3294883   -.1129109
         sex |   .1107706   .1360233     0.81   0.417    -.1576347    .3791759
     mom_sch |   .0440877   .0272099     1.62   0.107    -.0096038    .0977791
     dad_sch |   .0139215   .0276013     0.50   0.615    -.0405423    .0683852
      strata |  -.0175732   .1337611    -0.13   0.896    -.2815146    .2463683
         svy |  -.0068784   .1514585    -0.05   0.964    -.3057409    .2919841
     hsvisit |   .1011884   .2075145     0.49   0.626    -.3082857    .5106625
       _cons |   3.007416   .9284417     3.24   0.001     1.175387    4.839446
------------------------------------------------------------------------------

. estimates store OLSCovTotalPts

. esttab OLSCovTotalPts using "OLSCovTotalPointsData.rtf", drop(age sex mom_sch dad_sch strata svy hsvisit _cons) ///
>         label ///
>         replace mtitles("Total Points") 
(output written to OLSCovTotalPointsData.rtf)

. 
. 
. 
. 
. use "datasets/Angrist_etal_Columbia2002_2.dta", clear           // Loads the file

. datasignature                                                                                           // checks data integrity                        
  1135:11(82263):3947394313:3795635134

. 
. // your code for the Exercise questions f-l goes here
. 
. // question f. 
. summarize

    Variable |        Obs        Mean    Std. Dev.       Min        Max
-------------+---------------------------------------------------------
      vouch0 |      1,135    .5110132    .5000991          0          1
    intervwr |          0
         sex |      1,135    .5039648    .5002047          0          1
         svy |      1,135    .2273128     .419281          0          1
         age |      1,135    14.99383    1.331665         12         20
-------------+---------------------------------------------------------
     hsvisit |      1,135    .0537445    .2256122          0          1
     scyfnsh |      1,135    7.568282    .9019175          5         10
      inschl |      1,135    .8396476    .3670943          0          1
      usesch |      1,135    .5885463     .492314          0          1
       month |      1,135    4.318943    1.951923          1         12
-------------+---------------------------------------------------------
      strata |      1,135    1.690749    .9155009          0          5

. describe

Contains data from datasets/Angrist_etal_Columbia2002_2.dta
  obs:         1,135                          
 vars:            11                          12 Mar 2021 09:29
------------------------------------------------------------------------------------------------------------------------------------------------------------------------------------------------------------------------------------------------------------
              storage   display    value
variable name   type    format     label      variable label
------------------------------------------------------------------------------------------------------------------------------------------------------------------------------------------------------------------------------------------------------------
vouch0          double  %10.0g                Student won voucher
intervwr        str8    %-9s                  Name of intervwr assigned
sex             double  %10.0g                Gender: Equals 1 if Applicant is Male
svy             double  %10.0g                Survey completed using new survey
age             double  %10.0g                Age
hsvisit         double  %10.0g                Survey was conducted in person
scyfnsh         double  %10.0g                Highest grade completed
inschl          double  %10.0g                In school by time of survey
usesch          double  %10.0g                Used School Voucher
month           float   %9.0g                 Month of survey
strata          float   %9.0g                 Strata of residence
------------------------------------------------------------------------------------------------------------------------------------------------------------------------------------------------------------------------------------------------------------
Sorted by: 

. // 1135 // (i)
. // vouch0 // (ii)
. // usesch // (iii)
. // scyfnsh inschl // (iv)
. 
. 
. // question g.
. reg scyfnsh vouch0 svy hsvisit age sex i.strata i.month, robust

Linear regression                               Number of obs     =      1,135
                                                F(20, 1113)       =          .
                                                Prob > F          =          .
                                                R-squared         =     0.1077
                                                Root MSE          =     .85997

------------------------------------------------------------------------------
             |               Robust
     scyfnsh |      Coef.   Std. Err.      t    P>|t|     [95% Conf. Interval]
-------------+----------------------------------------------------------------
      vouch0 |   .1264498   .0515738     2.45   0.014     .0252569    .2276428
         svy |   .8760175   .1709904     5.12   0.000     .5405178    1.211517
     hsvisit |  -.0188271   .1255999    -0.15   0.881    -.2652664    .2276121
         age |  -.1127283    .022357    -5.04   0.000    -.1565948   -.0688617
         sex |  -.1724894   .0515166    -3.35   0.001    -.2735699   -.0714089
             |
      strata |
          1  |  -.0494305   .1007397    -0.49   0.624    -.2470917    .1482307
          2  |   .0868942   .0774995     1.12   0.262    -.0651675    .2389558
          3  |   .1731343   .0944671     1.83   0.067    -.0122194    .3584881
          4  |   .5160276   .0958968     5.38   0.000     .3278688    .7041865
          5  |   .5548946   .1111855     4.99   0.000     .3367379    .7730513
             |
       month |
          2  |   .1487478   .2656212     0.56   0.576    -.3724269    .6699225
          3  |   .1347069    .253324     0.53   0.595    -.3623395    .6317533
          4  |   .0732884   .2597453     0.28   0.778    -.4363572     .582934
          5  |   .1084487   .2613721     0.41   0.678    -.4043889    .6212863
          6  |  -.2013462    .286029    -0.70   0.482     -.762563    .3598705
          7  |  -.9134621   .2747376    -3.32   0.001    -1.452524   -.3744001
          8  |  -.7382134   .2659504    -2.78   0.006    -1.260034   -.2163927
          9  |   -.674359   .2975711    -2.27   0.024    -1.258223   -.0904954
         10  |  -1.186824   .2589089    -4.58   0.000    -1.694828    -.678819
         11  |  -1.019407   .5251772    -1.94   0.053    -2.049856    .0110423
         12  |  -1.126205   .5412099    -2.08   0.038    -2.188112   -.0642987
             |
       _cons |   9.087325   .3977206    22.85   0.000     8.306959    9.867692
------------------------------------------------------------------------------

. estimates store OLSHighestGrade

. reg inschl vouch0 svy hsvisit age sex i.strata i.month, robust

Linear regression                               Number of obs     =      1,135
                                                F(20, 1113)       =          .
                                                Prob > F          =          .
                                                R-squared         =     0.1646
                                                Root MSE          =     .33868

------------------------------------------------------------------------------
             |               Robust
      inschl |      Coef.   Std. Err.      t    P>|t|     [95% Conf. Interval]
-------------+----------------------------------------------------------------
      vouch0 |    .007645    .020327     0.38   0.707    -.0322385    .0475285
         svy |   .0325055   .0516171     0.63   0.529    -.0687722    .1337833
     hsvisit |    .095826   .0434116     2.21   0.027     .0106481    .1810038
         age |  -.0970536   .0089574   -10.84   0.000    -.1146288   -.0794783
         sex |  -.0041665   .0202265    -0.21   0.837    -.0438528    .0355198
             |
      strata |
          1  |   .0063466   .0426497     0.15   0.882    -.0773362    .0900294
          2  |   .0812447   .0326669     2.49   0.013      .017149    .1453404
          3  |   .0760033     .03985     1.91   0.057    -.0021863    .1541928
          4  |   .3002944   .0662997     4.53   0.000     .1702079     .430381
          5  |   .1409192   .0452397     3.11   0.002     .0521544     .229684
             |
       month |
          2  |   .0826198   .0973864     0.85   0.396    -.1084619    .2737015
          3  |   .1302094   .0871659     1.49   0.136    -.0408186    .3012374
          4  |   .1414189    .088086     1.61   0.109    -.0314145    .3142523
          5  |   .1671089   .0918533     1.82   0.069    -.0131163     .347334
          6  |     .03426   .0979014     0.35   0.726    -.1578321    .2263521
          7  |   .1017753   .0977793     1.04   0.298    -.0900772    .2936278
          8  |   .0883045   .0969415     0.91   0.363    -.1019043    .2785132
          9  |   .1307536   .1179079     1.11   0.268    -.1005932    .3621004
         10  |   .2394506   .0918258     2.61   0.009     .0592795    .4196217
         11  |  -.2744124   .2943517    -0.93   0.351    -.8519591    .3031343
         12  |   -.150563   .2042947    -0.74   0.461    -.5514091     .250283
             |
       _cons |   2.106769   .1534067    13.73   0.000      1.80577    2.407768
------------------------------------------------------------------------------

. estimates store OLSInSchl

. 
. esttab OLSHighestGrade OLSInSchl using "OLSHighestGradeInSchPartG.rtf", drop(svy hsvisit age sex *strata *month _cons) ///
>         label ///
>         replace mtitles("Highest Grade Achieved by Student" "School Status at Time of Survey")
(output written to OLSHighestGradeInSchPartG.rtf)

.         
. 
. // question j.
. reg scyfnsh usesch svy hsvisit age sex i.strata i.month, robust

Linear regression                               Number of obs     =      1,135
                                                F(20, 1113)       =          .
                                                Prob > F          =          .
                                                R-squared         =     0.1113
                                                Root MSE          =     .85824

------------------------------------------------------------------------------
             |               Robust
     scyfnsh |      Coef.   Std. Err.      t    P>|t|     [95% Conf. Interval]
-------------+----------------------------------------------------------------
      usesch |   .1711705   .0544356     3.14   0.002     .0643624    .2779785
         svy |   .8817698   .1697254     5.20   0.000      .548752    1.214788
     hsvisit |  -.0214821   .1259284    -0.17   0.865    -.2685659    .2256017
         age |  -.1110006   .0223559    -4.97   0.000    -.1548649   -.0671362
         sex |  -.1695405   .0515252    -3.29   0.001    -.2706379   -.0684431
             |
      strata |
          1  |  -.0410357   .1007961    -0.41   0.684    -.2388074    .1567361
          2  |   .0837287    .078133     1.07   0.284    -.0695759    .2370333
          3  |   .1718667   .0943507     1.82   0.069    -.0132586    .3569921
          4  |    .514886   .0958239     5.37   0.000     .3268702    .7029019
          5  |   .5718838    .134792     4.24   0.000     .3074087     .836359
             |
       month |
          2  |    .163788   .2649439     0.62   0.537    -.3560579    .6836338
          3  |   .1500289   .2515096     0.60   0.551    -.3434575    .6435154
          4  |   .0822777   .2581244     0.32   0.750    -.4241875    .5887429
          5  |   .1338355   .2602935     0.51   0.607    -.3768858    .6445568
          6  |  -.1844228   .2844917    -0.65   0.517    -.7426233    .3737777
          7  |  -.8970309   .2730414    -3.29   0.001    -1.432765    -.361297
          8  |   -.732284   .2645513    -2.77   0.006    -1.251359   -.2132086
          9  |  -.6830416   .3006637    -2.27   0.023    -1.272973   -.0931101
         10  |  -1.140237   .2603074    -4.38   0.000    -1.650986   -.6294887
         11  |  -.9353358   .5006568    -1.87   0.062    -1.917673    .0470017
         12  |  -1.038993   .5316458    -1.95   0.051    -2.082134    .0041475
             |
       _cons |   9.009288   .3989394    22.58   0.000      8.22653    9.792046
------------------------------------------------------------------------------

. estimates store OLSHighestGradeUsedVouch

. 
. ivregress 2sls scyfnsh (usesch = vouch0) svy hsvisit age sex i.strata i.month, robust

Instrumental variables (2SLS) regression          Number of obs   =      1,135
                                                  Wald chi2(21)   =    1559.87
                                                  Prob > chi2     =     0.0000
                                                  R-squared       =     0.1112
                                                  Root MSE        =     .84994

------------------------------------------------------------------------------
             |               Robust
     scyfnsh |      Coef.   Std. Err.      z    P>|z|     [95% Conf. Interval]
-------------+----------------------------------------------------------------
      usesch |   .1908656   .0769695     2.48   0.013     .0400082    .3417231
         svy |   .8804276   .1679601     5.24   0.000      .551232    1.209623
     hsvisit |  -.0236368   .1247677    -0.19   0.850     -.268177    .2209034
         age |  -.1106878   .0220847    -5.01   0.000    -.1539731   -.0674025
         sex |  -.1692393    .051171    -3.31   0.001    -.2695327    -.068946
             |
      strata |
          1  |  -.0408705   .0998764    -0.41   0.682    -.2366246    .1548835
          2  |   .0829922   .0774323     1.07   0.284    -.0687724    .2347568
          3  |   .1709324   .0932279     1.83   0.067    -.0117909    .3536557
          4  |   .5099317   .0945725     5.39   0.000      .324573    .6952904
          5  |   .5740758    .137461     4.18   0.000     .3046571    .8434945
             |
       month |
          2  |   .1650053   .2620416     0.63   0.529    -.3485869    .6785974
          3  |    .149419   .2487475     0.60   0.548    -.3381172    .6369552
          4  |    .080906   .2554262     0.32   0.751      -.41972    .5815321
          5  |   .1383745   .2572856     0.54   0.591    -.3658959    .6426449
          6  |  -.1824893   .2812819    -0.65   0.516    -.7337917    .3688131
          7  |   -.894257    .269403    -3.32   0.001    -1.422277   -.3662368
          8  |  -.7318289   .2615879    -2.80   0.005    -1.244532    -.219126
          9  |  -.6836322   .2977698    -2.30   0.022     -1.26725    -.100014
         10  |   -1.12743   .2571416    -4.38   0.000    -1.631418   -.6234419
         11  |  -.9268435   .4940847    -1.88   0.061    -1.895232    .0415448
         12  |  -1.026501   .5248712    -1.96   0.050     -2.05523    .0022278
             |
       _cons |   8.993566   .3943073    22.81   0.000     8.220738    9.766394
------------------------------------------------------------------------------
Instrumented:  usesch
Instruments:   svy hsvisit age sex 1.strata 2.strata 3.strata 4.strata
               5.strata 2.month 3.month 4.month 5.month 6.month 7.month
               8.month 9.month 10.month 11.month 12.month vouch0

. estimates store IVHighestGradeUsedVouch

. 
. esttab OLSHighestGradeUsedVouch IVHighestGradeUsedVouch using "OLSandIV.rtf", drop(svy hsvisit age sex *strata *month _cons) ///
>         label ///
>         replace mtitles("OLS with controls" "IV with controls") ///
>         addnote("Dependent variable: Highest Grade Completed")
(output written to OLSandIV.rtf)

.         
. 
. // question k.
. reg scyfnsh usesch svy hsvisit age sex i.strata i.month, robust // regression to determine t statistic

Linear regression                               Number of obs     =      1,135
                                                F(20, 1113)       =          .
                                                Prob > F          =          .
                                                R-squared         =     0.1113
                                                Root MSE          =     .85824

------------------------------------------------------------------------------
             |               Robust
     scyfnsh |      Coef.   Std. Err.      t    P>|t|     [95% Conf. Interval]
-------------+----------------------------------------------------------------
      usesch |   .1711705   .0544356     3.14   0.002     .0643624    .2779785
         svy |   .8817698   .1697254     5.20   0.000      .548752    1.214788
     hsvisit |  -.0214821   .1259284    -0.17   0.865    -.2685659    .2256017
         age |  -.1110006   .0223559    -4.97   0.000    -.1548649   -.0671362
         sex |  -.1695405   .0515252    -3.29   0.001    -.2706379   -.0684431
             |
      strata |
          1  |  -.0410357   .1007961    -0.41   0.684    -.2388074    .1567361
          2  |   .0837287    .078133     1.07   0.284    -.0695759    .2370333
          3  |   .1718667   .0943507     1.82   0.069    -.0132586    .3569921
          4  |    .514886   .0958239     5.37   0.000     .3268702    .7029019
          5  |   .5718838    .134792     4.24   0.000     .3074087     .836359
             |
       month |
          2  |    .163788   .2649439     0.62   0.537    -.3560579    .6836338
          3  |   .1500289   .2515096     0.60   0.551    -.3434575    .6435154
          4  |   .0822777   .2581244     0.32   0.750    -.4241875    .5887429
          5  |   .1338355   .2602935     0.51   0.607    -.3768858    .6445568
          6  |  -.1844228   .2844917    -0.65   0.517    -.7426233    .3737777
          7  |  -.8970309   .2730414    -3.29   0.001    -1.432765    -.361297
          8  |   -.732284   .2645513    -2.77   0.006    -1.251359   -.2132086
          9  |  -.6830416   .3006637    -2.27   0.023    -1.272973   -.0931101
         10  |  -1.140237   .2603074    -4.38   0.000    -1.650986   -.6294887
         11  |  -.9353358   .5006568    -1.87   0.062    -1.917673    .0470017
         12  |  -1.038993   .5316458    -1.95   0.051    -2.082134    .0041475
             |
       _cons |   9.009288   .3989394    22.58   0.000      8.22653    9.792046
------------------------------------------------------------------------------

. 
. 
. // question l.
. reg inschl usesch svy hsvisit age sex i.strata i.month, robust // regression to determine t statistic

Linear regression                               Number of obs     =      1,135
                                                F(20, 1113)       =          .
                                                Prob > F          =          .
                                                R-squared         =     0.1653
                                                Root MSE          =     .33853

------------------------------------------------------------------------------
             |               Robust
      inschl |      Coef.   Std. Err.      t    P>|t|     [95% Conf. Interval]
-------------+----------------------------------------------------------------
      usesch |   .0222886   .0213579     1.04   0.297    -.0196176    .0641949
         svy |   .0320396   .0516752     0.62   0.535    -.0693521    .1334314
     hsvisit |   .0943592   .0435673     2.17   0.031     .0088759    .1798426
         age |  -.0967595   .0089496   -10.81   0.000    -.1143195   -.0791995
         sex |  -.0038056   .0202345    -0.19   0.851    -.0435076    .0358964
             |
      strata |
          1  |   .0069542   .0426653     0.16   0.871    -.0767592    .0906677
          2  |   .0806069    .032891     2.45   0.014     .0160716    .1451422
          3  |   .0753602   .0400587     1.88   0.060    -.0032388    .1539593
          4  |   .2972219   .0657683     4.52   0.000     .1681781    .4262657
          5  |   .1432752   .0503982     2.84   0.005     .0443889    .2421615
             |
       month |
          2  |   .0842671   .0973488     0.87   0.387    -.1067408     .275275
          3  |    .130766   .0871949     1.50   0.134    -.0403189    .3018509
          4  |   .1411309   .0880478     1.60   0.109    -.0316276    .3138894
          5  |   .1713954   .0920646     1.86   0.063    -.0092443    .3520351
          6  |   .0364553    .097973     0.37   0.710    -.1557773    .2286879
          7  |   .1044504   .0979081     1.07   0.286    -.0876548    .2965556
          8  |   .0889388   .0971814     0.92   0.360    -.1017406    .2796183
          9  |   .1298706   .1187718     1.09   0.274    -.1031713    .3629126
         10  |   .2500313    .092908     2.69   0.007     .0677367    .4323259
         11  |  -.2641813   .2917124    -0.91   0.365    -.8365495     .308187
         12  |  -.1377169   .2044586    -0.67   0.501    -.5388845    .2634508
             |
       _cons |    2.09252   .1539498    13.59   0.000     1.790456    2.394585
------------------------------------------------------------------------------

. 
. 
. 
. 
. 
. 
. 
. /*      =============================================================
>         ============    FINAL COMMANDS  (do not change) ============
>         ============================================================= */
. log close                               // closes your log file
      name:  <unnamed>
       log:  D:\UofT\Y2 Winter\ECO372\A3\ECO372_Assignment3_SI_YokeHong.log
  log type:  text
 closed on:  23 Mar 2021, 18:36:46
------------------------------------------------------------------------------------------------------------------------------------------------------------------------------------------------------------------------------------------------------------
